<?xml version="1.0" encoding="UTF-8"?>
<!-- Generated by org.testng.reporters.JUnitXMLReporter -->
<testsuite hostname="Nityanand-PC" ignored="2" name="Test" tests="3" failures="0" timestamp="02 Feb 2018 03:30:15 GMT" time="0.125" errors="0">
  <testcase name="@BeforeSuite init" time="13.757" classname="zeroBankProj.Core.BaseClass">
    <failure type="org.openqa.selenium.WebDriverException" message="Failed to find width field
Build info: version: &amp;apos;3.6.0&amp;apos;, revision: &amp;apos;6fbf3ec767&amp;apos;, time: &amp;apos;2017-09-27T15:28:36.4Z&amp;apos;
System info: host: &amp;apos;NITYANAND-PC&amp;apos;, ip: &amp;apos;192.168.0.11&amp;apos;, os.name: &amp;apos;Windows 10&amp;apos;, os.arch: &amp;apos;amd64&amp;apos;, os.version: &amp;apos;10.0&amp;apos;, java.version: &amp;apos;1.8.0_144&amp;apos;
Driver info: org.openqa.selenium.firefox.FirefoxDriver
Capabilities [{moz:profile=C:\Users\NITYAN~1\AppData\Local\Temp\rust_mozprofile.rK3zGjWCFCuk, rotatable=false, timeouts={implicit=0, pageLoad=300000, script=30000}, pageLoadStrategy=normal, platform=XP, specificationLevel=0, moz:accessibilityChecks=false, acceptInsecureCerts=true, browserVersion=54.0.1, platformVersion=10.0, moz:processID=4228, browserName=firefox, javascriptEnabled=true, platformName=XP}]
Session ID: 68c2ec82-83cc-445f-9220-2a09ad0ae0a0">
      <![CDATA[org.openqa.selenium.WebDriverException: Failed to find width field
Build info: version: '3.6.0', revision: '6fbf3ec767', time: '2017-09-27T15:28:36.4Z'
System info: host: 'NITYANAND-PC', ip: '192.168.0.11', os.name: 'Windows 10', os.arch: 'amd64', os.version: '10.0', java.version: '1.8.0_144'
Driver info: org.openqa.selenium.firefox.FirefoxDriver
Capabilities [{moz:profile=C:\Users\NITYAN~1\AppData\Local\Temp\rust_mozprofile.rK3zGjWCFCuk, rotatable=false, timeouts={implicit=0, pageLoad=300000, script=30000}, pageLoadStrategy=normal, platform=XP, specificationLevel=0, moz:accessibilityChecks=false, acceptInsecureCerts=true, browserVersion=54.0.1, platformVersion=10.0, moz:processID=4228, browserName=firefox, javascriptEnabled=true, platformName=XP}]
Session ID: 68c2ec82-83cc-445f-9220-2a09ad0ae0a0
	at org.openqa.selenium.remote.http.W3CHttpResponseCodec.createException(W3CHttpResponseCodec.java:185)
	at org.openqa.selenium.remote.http.W3CHttpResponseCodec.decode(W3CHttpResponseCodec.java:120)
	at org.openqa.selenium.remote.http.W3CHttpResponseCodec.decode(W3CHttpResponseCodec.java:49)
	at org.openqa.selenium.remote.HttpCommandExecutor.execute(HttpCommandExecutor.java:164)
	at org.openqa.selenium.remote.service.DriverCommandExecutor.execute(DriverCommandExecutor.java:83)
	at org.openqa.selenium.remote.RemoteWebDriver.execute(RemoteWebDriver.java:586)
	at org.openqa.selenium.remote.RemoteWebDriver.execute(RemoteWebDriver.java:643)
	at org.openqa.selenium.remote.RemoteWebDriver$RemoteWebDriverOptions$RemoteWindow.maximize(RemoteWebDriver.java:877)
	at zeroBankProj.Core.BaseClass.init(BaseClass.java:68)
... Removed 23 stack frames]]>
    </failure>
  </testcase> <!-- @BeforeSuite init -->
  <testcase name="signIn" time="0.0" classname="ZeroBankProj.TestCases.TC_SignIn">
    <skipped/>
  </testcase> <!-- signIn -->
  <testcase name="Logintest" time="0.0" classname="ZeroBankProj.TestCases.TC_Login">
    <skipped/>
  </testcase> <!-- Logintest -->
  <testcase name="Logintest" time="0.0" classname="ZeroBankProj.TestCases.TC_Login">
    <skipped/>
  </testcase> <!-- Logintest -->
  <testcase name="@BeforeSuite init" time="0.0" classname="zeroBankProj.Core.BaseClass">
    <ignored/>
  </testcase> <!-- @BeforeSuite init -->
  <testcase name="@AfterSuite tearDown" time="0.0" classname="zeroBankProj.Core.BaseClass">
    <ignored/>
  </testcase> <!-- @AfterSuite tearDown -->
</testsuite> <!-- Test -->
